{"D:\\mfe_API_Rick_Morty\\MFE-Api-RickandMorty.git\\MF-Contenedor\\src\\pages\\Contenedor.pages.tsx": {"path":"D:\\mfe_API_Rick_Morty\\MFE-Api-RickandMorty.git\\MF-Contenedor\\src\\pages\\Contenedor.pages.tsx","statementMap":{"0":{"start":{"line":1,"column":0},"end":{"line":1,"column":31}},"1":{"start":{"line":3,"column":29},"end":{"line":3,"column":85}},"2":{"start":{"line":3,"column":45},"end":{"line":3,"column":83}},"3":{"start":{"line":5,"column":19},"end":{"line":15,"column":1}},"4":{"start":{"line":6,"column":4},"end":{"line":14,"column":6}},"5":{"start":{"line":17,"column":0},"end":{"line":17,"column":26}}},"fnMap":{"0":{"name":"(anonymous_0)","decl":{"start":{"line":3,"column":40},"end":{"line":3,"column":43}},"loc":{"start":{"line":3,"column":45},"end":{"line":3,"column":83}}},"1":{"name":"(anonymous_1)","decl":{"start":{"line":3,"column":45},"end":{"line":3,"column":53}},"loc":{"start":{"line":3,"column":45},"end":{"line":3,"column":83}}},"2":{"name":"(anonymous_2)","decl":{"start":{"line":5,"column":19},"end":{"line":5,"column":22}},"loc":{"start":{"line":5,"column":24},"end":{"line":15,"column":1}}}},"branchMap":{},"s":{"0":1,"1":1,"2":2,"3":1,"4":5,"5":1},"f":{"0":1,"1":1,"2":5},"b":{}}
}
