<?xml version="1.0" encoding="UTF-8"?>
<coverage generated="1774747246023" clover="3.2.0">
  <project timestamp="1774747246024" name="All files">
    <metrics statements="74" coveredstatements="72" conditionals="46" coveredconditionals="39" methods="19" coveredmethods="19" elements="139" coveredelements="130" complexity="0" loc="74" ncloc="74" packages="2" files="3" classes="3"/>
    <package name="components">
      <metrics statements="49" coveredstatements="47" conditionals="39" coveredconditionals="32" methods="12" coveredmethods="12"/>
      <file name="ModalCharacterDetail.component.tsx" path="D:\mfe_API_Rick_Morty\MFE-Api-RickandMorty.git\MF-CharacterDetail\src\components\ModalCharacterDetail.component.tsx">
        <metrics statements="49" coveredstatements="47" conditionals="39" coveredconditionals="32" methods="12" coveredmethods="12"/>
        <line num="1" count="1" type="stmt"/>
        <line num="2" count="1" type="stmt"/>
        <line num="11" count="1" type="stmt"/>
        <line num="20" count="1" type="stmt"/>
        <line num="25" count="1" type="stmt"/>
        <line num="45" count="1" type="stmt"/>
        <line num="46" count="7" type="cond" truecount="2" falsecount="2"/>
        <line num="48" count="6" type="stmt"/>
        <line num="50" count="1" type="stmt"/>
        <line num="52" count="0" type="stmt"/>
        <line num="54" count="0" type="stmt"/>
        <line num="58" count="1" type="stmt"/>
        <line num="59" count="7" type="cond" truecount="3" falsecount="0"/>
        <line num="61" count="5" type="stmt"/>
        <line num="68" count="1" type="stmt"/>
        <line num="74" count="1" type="stmt"/>
        <line num="82" count="1" type="stmt"/>
        <line num="83" count="7" type="stmt"/>
        <line num="85" count="7" type="cond" truecount="1" falsecount="0"/>
        <line num="86" count="1" type="stmt"/>
        <line num="89" count="6" type="stmt"/>
        <line num="103" count="35" type="stmt"/>
        <line num="119" count="4" type="stmt"/>
        <line num="142" count="1" type="stmt"/>
        <line num="149" count="43" type="stmt"/>
        <line num="151" count="43" type="stmt"/>
        <line num="152" count="43" type="stmt"/>
        <line num="153" count="43" type="stmt"/>
        <line num="154" count="43" type="stmt"/>
        <line num="156" count="43" type="stmt"/>
        <line num="158" count="19" type="cond" truecount="2" falsecount="0"/>
        <line num="168" count="43" type="stmt"/>
        <line num="169" count="11" type="stmt"/>
        <line num="170" count="11" type="stmt"/>
        <line num="171" count="11" type="stmt"/>
        <line num="173" count="11" type="stmt"/>
        <line num="174" count="8" type="stmt"/>
        <line num="176" count="8" type="stmt"/>
        <line num="177" count="8" type="stmt"/>
        <line num="179" count="3" type="stmt"/>
        <line num="180" count="3" type="stmt"/>
        <line num="181" count="3" type="stmt"/>
        <line num="187" count="11" type="stmt"/>
        <line num="191" count="43" type="stmt"/>
        <line num="192" count="22" type="cond" truecount="1" falsecount="0"/>
        <line num="193" count="10" type="stmt"/>
        <line num="197" count="43" type="stmt"/>
        <line num="222" count="31" type="stmt"/>
        <line num="359" count="4" type="stmt"/>
      </file>
    </package>
    <package name="services">
      <metrics statements="25" coveredstatements="25" conditionals="7" coveredconditionals="7" methods="7" coveredmethods="7"/>
      <file name="EndpointRickAndMortyDetail.service.ts" path="D:\mfe_API_Rick_Morty\MFE-Api-RickandMorty.git\MF-CharacterDetail\src\services\EndpointRickAndMortyDetail.service.ts">
        <metrics statements="2" coveredstatements="2" conditionals="0" coveredconditionals="0" methods="0" coveredmethods="0"/>
        <line num="2" count="2" type="stmt"/>
        <line num="6" count="2" type="stmt"/>
      </file>
      <file name="ServicioRickAndMortyDetail.service.ts" path="D:\mfe_API_Rick_Morty\MFE-Api-RickandMorty.git\MF-CharacterDetail\src\services\ServicioRickAndMortyDetail.service.ts">
        <metrics statements="23" coveredstatements="23" conditionals="7" coveredconditionals="7" methods="7" coveredmethods="7"/>
        <line num="5" count="1" type="stmt"/>
        <line num="8" count="1" type="stmt"/>
        <line num="10" count="2" type="stmt"/>
        <line num="11" count="2" type="stmt"/>
        <line num="13" count="2" type="cond" truecount="1" falsecount="0"/>
        <line num="14" count="1" type="stmt"/>
        <line num="17" count="1" type="stmt"/>
        <line num="18" count="1" type="stmt"/>
        <line num="21" count="1" type="stmt"/>
        <line num="22" count="5" type="stmt"/>
        <line num="24" count="10" type="stmt"/>
        <line num="25" count="10" type="cond" truecount="2" falsecount="0"/>
        <line num="27" count="10" type="stmt"/>
        <line num="30" count="1" type="stmt"/>
        <line num="32" count="5" type="stmt"/>
        <line num="33" count="5" type="stmt"/>
        <line num="35" count="5" type="cond" truecount="1" falsecount="0"/>
        <line num="36" count="1" type="stmt"/>
        <line num="39" count="4" type="stmt"/>
        <line num="43" count="4" type="cond" truecount="1" falsecount="0"/>
        <line num="44" count="1" type="stmt"/>
        <line num="47" count="3" type="stmt"/>
        <line num="49" count="3" type="cond" truecount="2" falsecount="0"/>
      </file>
    </package>
  </project>
</coverage>
