{"D:\\mfe_API_Rick_Morty\\MFE-Api-RickandMorty.git\\MF-CharacterDetail\\src\\components\\ModalCharacterDetail.component.tsx": {"path":"D:\\mfe_API_Rick_Morty\\MFE-Api-RickandMorty.git\\MF-CharacterDetail\\src\\components\\ModalCharacterDetail.component.tsx","statementMap":{"0":{"start":{"line":142,"column":0},"end":{"line":142,"column":24}},"1":{"start":{"line":1,"column":0},"end":{"line":1,"column":66}},"2":{"start":{"line":2,"column":0},"end":{"line":2,"column":null}},"3":{"start":{"line":11,"column":0},"end":{"line":11,"column":null}},"4":{"start":{"line":20,"column":0},"end":{"line":20,"column":39}},"5":{"start":{"line":25,"column":0},"end":{"line":25,"column":null}},"6":{"start":{"line":45,"column":21},"end":{"line":56,"column":1}},"7":{"start":{"line":46,"column":4},"end":{"line":55,"column":5}},"8":{"start":{"line":48,"column":12},"end":{"line":48,"column":31}},"9":{"start":{"line":50,"column":12},"end":{"line":50,"column":30}},"10":{"start":{"line":52,"column":12},"end":{"line":52,"column":32}},"11":{"start":{"line":54,"column":12},"end":{"line":54,"column":33}},"12":{"start":{"line":58,"column":30},"end":{"line":80,"column":1}},"13":{"start":{"line":59,"column":4},"end":{"line":79,"column":5}},"14":{"start":{"line":61,"column":12},"end":{"line":66,"column":14}},"15":{"start":{"line":68,"column":12},"end":{"line":72,"column":14}},"16":{"start":{"line":74,"column":12},"end":{"line":78,"column":14}},"17":{"start":{"line":82,"column":26},"end":{"line":94,"column":1}},"18":{"start":{"line":83,"column":17},"end":{"line":83,"column":32}},"19":{"start":{"line":85,"column":4},"end":{"line":87,"column":5}},"20":{"start":{"line":86,"column":8},"end":{"line":86,"column":37}},"21":{"start":{"line":89,"column":4},"end":{"line":93,"column":20}},"22":{"start":{"line":103,"column":4},"end":{"line":111,"column":6}},"23":{"start":{"line":119,"column":4},"end":{"line":139,"column":6}},"24":{"start":{"line":149,"column":45},"end":{"line":149,"column":60}},"25":{"start":{"line":151,"column":38},"end":{"line":151,"column":76}},"26":{"start":{"line":152,"column":36},"end":{"line":152,"column":65}},"27":{"start":{"line":153,"column":34},"end":{"line":153,"column":49}},"28":{"start":{"line":154,"column":30},"end":{"line":154,"column":42}},"29":{"start":{"line":156,"column":23},"end":{"line":165,"column":null}},"30":{"start":{"line":158,"column":12},"end":{"line":164,"column":null}},"31":{"start":{"line":168,"column":32},"end":{"line":189,"column":21}},"32":{"start":{"line":168,"column":55},"end":{"line":189,"column":7}},"33":{"start":{"line":169,"column":8},"end":{"line":188,"column":9}},"34":{"start":{"line":170,"column":12},"end":{"line":170,"column":29}},"35":{"start":{"line":171,"column":12},"end":{"line":171,"column":25}},"36":{"start":{"line":173,"column":34},"end":{"line":173,"column":71}},"37":{"start":{"line":174,"column":12},"end":{"line":174,"column":40}},"38":{"start":{"line":176,"column":33},"end":{"line":176,"column":79}},"39":{"start":{"line":177,"column":12},"end":{"line":177,"column":38}},"40":{"start":{"line":179,"column":12},"end":{"line":179,"column":31}},"41":{"start":{"line":180,"column":12},"end":{"line":180,"column":28}},"42":{"start":{"line":181,"column":12},"end":{"line":185,"column":14}},"43":{"start":{"line":187,"column":12},"end":{"line":187,"column":30}},"44":{"start":{"line":191,"column":4},"end":{"line":195,"column":38}},"45":{"start":{"line":192,"column":8},"end":{"line":194,"column":9}},"46":{"start":{"line":193,"column":12},"end":{"line":193,"column":34}},"47":{"start":{"line":197,"column":4},"end":{"line":372,"column":6}},"48":{"start":{"line":222,"column":34},"end":{"line":368,"column":null}},"49":{"start":{"line":359,"column":56},"end":{"line":359,"column":86}}},"fnMap":{"0":{"name":"(anonymous_7)","decl":{"start":{"line":45,"column":21},"end":{"line":45,"column":22}},"loc":{"start":{"line":45,"column":48},"end":{"line":56,"column":1}}},"1":{"name":"(anonymous_8)","decl":{"start":{"line":58,"column":30},"end":{"line":58,"column":31}},"loc":{"start":{"line":58,"column":68},"end":{"line":80,"column":1}}},"2":{"name":"(anonymous_9)","decl":{"start":{"line":82,"column":26},"end":{"line":82,"column":27}},"loc":{"start":{"line":82,"column":52},"end":{"line":94,"column":1}}},"3":{"name":"InfoItem","decl":{"start":{"line":102,"column":9},"end":{"line":102,"column":17}},"loc":{"start":{"line":102,"column":55},"end":{"line":112,"column":1}}},"4":{"name":"EpisodeCard","decl":{"start":{"line":118,"column":9},"end":{"line":118,"column":20}},"loc":{"start":{"line":118,"column":50},"end":{"line":140,"column":1}}},"5":{"name":"ModalCharacterDetail","decl":{"start":{"line":142,"column":24},"end":{"line":142,"column":44}},"loc":{"start":{"line":148,"column":28},"end":{"line":373,"column":1}}},"6":{"name":"(anonymous_13)","decl":{"start":{"line":157,"column":8},"end":{"line":157,"column":11}},"loc":{"start":{"line":158,"column":12},"end":{"line":164,"column":null}}},"7":{"name":"(anonymous_14)","decl":{"start":{"line":168,"column":44},"end":{"line":168,"column":53}},"loc":{"start":{"line":168,"column":55},"end":{"line":189,"column":7}}},"8":{"name":"(anonymous_15)","decl":{"start":{"line":168,"column":55},"end":{"line":168,"column":null}},"loc":{"start":{"line":168,"column":55},"end":{"line":189,"column":5}}},"9":{"name":"(anonymous_16)","decl":{"start":{"line":191,"column":14},"end":{"line":191,"column":17}},"loc":{"start":{"line":191,"column":19},"end":{"line":195,"column":5}}},"10":{"name":"(anonymous_17)","decl":{"start":{"line":222,"column":21},"end":{"line":222,"column":22}},"loc":{"start":{"line":222,"column":33},"end":{"line":368,"column":null}}},"11":{"name":"(anonymous_18)","decl":{"start":{"line":358,"column":66},"end":{"line":358,"column":67}},"loc":{"start":{"line":359,"column":56},"end":{"line":359,"column":86}}}},"branchMap":{"0":{"loc":{"start":{"line":46,"column":4},"end":{"line":55,"column":5}},"type":"switch","locations":[{"start":{"line":47,"column":8},"end":{"line":48,"column":31}},{"start":{"line":49,"column":8},"end":{"line":50,"column":30}},{"start":{"line":51,"column":8},"end":{"line":52,"column":32}},{"start":{"line":53,"column":8},"end":{"line":54,"column":33}}]},"1":{"loc":{"start":{"line":59,"column":4},"end":{"line":79,"column":5}},"type":"switch","locations":[{"start":{"line":60,"column":8},"end":{"line":66,"column":14}},{"start":{"line":67,"column":8},"end":{"line":72,"column":14}},{"start":{"line":73,"column":8},"end":{"line":78,"column":14}}]},"2":{"loc":{"start":{"line":85,"column":4},"end":{"line":87,"column":5}},"type":"if","locations":[{"start":{"line":85,"column":4},"end":{"line":87,"column":5}}]},"3":{"loc":{"start":{"line":144,"column":4},"end":{"line":144,"column":31}},"type":"default-arg","locations":[{"start":{"line":144,"column":18},"end":{"line":144,"column":31}}]},"4":{"loc":{"start":{"line":145,"column":4},"end":{"line":145,"column":31}},"type":"default-arg","locations":[{"start":{"line":145,"column":21},"end":{"line":145,"column":31}}]},"5":{"loc":{"start":{"line":146,"column":4},"end":{"line":146,"column":25}},"type":"default-arg","locations":[{"start":{"line":146,"column":23},"end":{"line":146,"column":25}}]},"6":{"loc":{"start":{"line":147,"column":4},"end":{"line":147,"column":26}},"type":"default-arg","locations":[{"start":{"line":147,"column":22},"end":{"line":147,"column":26}}]},"7":{"loc":{"start":{"line":158,"column":12},"end":{"line":164,"column":null}},"type":"cond-expr","locations":[{"start":{"line":159,"column":18},"end":{"line":159,"column":57}},{"start":{"line":160,"column":18},"end":{"line":164,"column":null}}]},"8":{"loc":{"start":{"line":182,"column":16},"end":{"line":184,"column":77}},"type":"cond-expr","locations":[{"start":{"line":183,"column":22},"end":{"line":183,"column":33}},{"start":{"line":184,"column":22},"end":{"line":184,"column":77}}]},"9":{"loc":{"start":{"line":192,"column":8},"end":{"line":194,"column":9}},"type":"if","locations":[{"start":{"line":192,"column":8},"end":{"line":194,"column":9}}]},"10":{"loc":{"start":{"line":224,"column":29},"end":{"line":365,"column":null}},"type":"cond-expr","locations":[{"start":{"line":225,"column":32},"end":{"line":230,"column":null}},{"start":{"line":232,"column":32},"end":{"line":365,"column":null}}]},"11":{"loc":{"start":{"line":232,"column":32},"end":{"line":365,"column":null}},"type":"cond-expr","locations":[{"start":{"line":233,"column":32},"end":{"line":252,"column":null}},{"start":{"line":254,"column":32},"end":{"line":365,"column":null}}]},"12":{"loc":{"start":{"line":254,"column":32},"end":{"line":365,"column":null}},"type":"cond-expr","locations":[{"start":{"line":255,"column":32},"end":{"line":255,"column":null}},{"start":{"line":259,"column":32},"end":{"line":364,"column":null}}]},"13":{"loc":{"start":{"line":306,"column":63},"end":{"line":306,"column":97}},"type":"binary-expr","locations":[{"start":{"line":306,"column":63},"end":{"line":306,"column":80}},{"start":{"line":306,"column":84},"end":{"line":306,"column":97}}]},"14":{"loc":{"start":{"line":318,"column":63},"end":{"line":318,"column":102}},"type":"binary-expr","locations":[{"start":{"line":318,"column":63},"end":{"line":318,"column":85}},{"start":{"line":318,"column":89},"end":{"line":318,"column":102}}]},"15":{"loc":{"start":{"line":318,"column":63},"end":{"line":318,"column":85}},"type":"cond-expr","locations":[{"start":{"line":318,"column":79},"end":{"line":318,"column":81}},{"start":{"line":318,"column":79},"end":{"line":318,"column":85}}]},"16":{"loc":{"start":{"line":318,"column":63},"end":{"line":318,"column":81}},"type":"binary-expr","locations":[{"start":{"line":318,"column":63},"end":{"line":318,"column":81}},{"start":{"line":318,"column":79},"end":{"line":318,"column":81}}]},"17":{"loc":{"start":{"line":324,"column":63},"end":{"line":324,"column":104}},"type":"binary-expr","locations":[{"start":{"line":324,"column":63},"end":{"line":324,"column":87}},{"start":{"line":324,"column":91},"end":{"line":324,"column":104}}]},"18":{"loc":{"start":{"line":324,"column":63},"end":{"line":324,"column":87}},"type":"cond-expr","locations":[{"start":{"line":324,"column":81},"end":{"line":324,"column":83}},{"start":{"line":324,"column":81},"end":{"line":324,"column":87}}]},"19":{"loc":{"start":{"line":324,"column":63},"end":{"line":324,"column":83}},"type":"binary-expr","locations":[{"start":{"line":324,"column":63},"end":{"line":324,"column":83}},{"start":{"line":324,"column":81},"end":{"line":324,"column":83}}]},"20":{"loc":{"start":{"line":351,"column":41},"end":{"line":362,"column":null}},"type":"cond-expr","locations":[{"start":{"line":352,"column":44},"end":{"line":352,"column":null}},{"start":{"line":356,"column":44},"end":{"line":361,"column":null}}]}},"s":{"0":1,"1":1,"2":1,"3":1,"4":1,"5":1,"6":1,"7":7,"8":6,"9":1,"10":0,"11":0,"12":1,"13":7,"14":5,"15":1,"16":1,"17":1,"18":7,"19":7,"20":1,"21":6,"22":35,"23":4,"24":43,"25":43,"26":43,"27":43,"28":43,"29":43,"30":19,"31":43,"32":11,"33":11,"34":11,"35":11,"36":11,"37":8,"38":8,"39":8,"40":3,"41":3,"42":3,"43":11,"44":43,"45":22,"46":10,"47":43,"48":31,"49":4},"f":{"0":7,"1":7,"2":7,"3":35,"4":4,"5":43,"6":19,"7":11,"8":11,"9":22,"10":31,"11":4},"b":{"0":[6,1,0,0],"1":[5,1,1],"2":[1],"3":[42],"4":[43],"5":[43],"6":[43],"7":[7,12],"8":[2,1],"9":[10],"10":[11,20],"11":[3,17],"12":[10,7],"13":[7,0],"14":[7,0],"15":[0,7],"16":[7,7],"17":[7,0],"18":[0,7],"19":[7,7],"20":[5,2]}}
,"D:\\mfe_API_Rick_Morty\\MFE-Api-RickandMorty.git\\MF-CharacterDetail\\src\\services\\EndpointRickAndMortyDetail.service.ts": {"path":"D:\\mfe_API_Rick_Morty\\MFE-Api-RickandMorty.git\\MF-CharacterDetail\\src\\services\\EndpointRickAndMortyDetail.service.ts","statementMap":{"0":{"start":{"line":2,"column":24},"end":{"line":6,"column":2}},"1":{"start":{"line":6,"column":2},"end":{"line":6,"column":null}}},"fnMap":{},"branchMap":{},"s":{"0":2,"1":2},"f":{},"b":{}}
,"D:\\mfe_API_Rick_Morty\\MFE-Api-RickandMorty.git\\MF-CharacterDetail\\src\\services\\ServicioRickAndMortyDetail.service.ts": {"path":"D:\\mfe_API_Rick_Morty\\MFE-Api-RickandMorty.git\\MF-CharacterDetail\\src\\services\\ServicioRickAndMortyDetail.service.ts","statementMap":{"0":{"start":{"line":5,"column":0},"end":{"line":5,"column":67}},"1":{"start":{"line":8,"column":34},"end":{"line":19,"column":2}},"2":{"start":{"line":10,"column":30},"end":{"line":19,"column":2}},"3":{"start":{"line":11,"column":19},"end":{"line":11,"column":81}},"4":{"start":{"line":13,"column":2},"end":{"line":15,"column":3}},"5":{"start":{"line":14,"column":4},"end":{"line":14,"column":72}},"6":{"start":{"line":17,"column":32},"end":{"line":17,"column":53}},"7":{"start":{"line":18,"column":2},"end":{"line":18,"column":14}},"8":{"start":{"line":8,"column":13},"end":{"line":8,"column":34}},"9":{"start":{"line":21,"column":30},"end":{"line":28,"column":1}},"10":{"start":{"line":22,"column":2},"end":{"line":27,"column":47}},"11":{"start":{"line":24,"column":20},"end":{"line":24,"column":50}},"12":{"start":{"line":25,"column":6},"end":{"line":25,"column":45}},"13":{"start":{"line":27,"column":34},"end":{"line":27,"column":45}},"14":{"start":{"line":30,"column":33},"end":{"line":50,"column":2}},"15":{"start":{"line":32,"column":30},"end":{"line":50,"column":2}},"16":{"start":{"line":33,"column":21},"end":{"line":33,"column":55}},"17":{"start":{"line":35,"column":2},"end":{"line":37,"column":3}},"18":{"start":{"line":36,"column":4},"end":{"line":36,"column":14}},"19":{"start":{"line":39,"column":19},"end":{"line":40,"column":null}},"20":{"start":{"line":43,"column":2},"end":{"line":45,"column":3}},"21":{"start":{"line":44,"column":4},"end":{"line":44,"column":75}},"22":{"start":{"line":47,"column":48},"end":{"line":47,"column":69}},"23":{"start":{"line":49,"column":2},"end":{"line":49,"column":45}},"24":{"start":{"line":30,"column":13},"end":{"line":30,"column":33}}},"fnMap":{"0":{"name":"(anonymous_7)","decl":{"start":{"line":8,"column":34},"end":{"line":8,"column":null}},"loc":{"start":{"line":10,"column":30},"end":{"line":19,"column":2}}},"1":{"name":"(anonymous_8)","decl":{"start":{"line":10,"column":30},"end":{"line":10,"column":null}},"loc":{"start":{"line":10,"column":30},"end":{"line":19,"column":1}}},"2":{"name":"(anonymous_9)","decl":{"start":{"line":21,"column":30},"end":{"line":21,"column":31}},"loc":{"start":{"line":21,"column":66},"end":{"line":28,"column":1}}},"3":{"name":"(anonymous_10)","decl":{"start":{"line":23,"column":9},"end":{"line":23,"column":10}},"loc":{"start":{"line":23,"column":17},"end":{"line":26,"column":5}}},"4":{"name":"(anonymous_11)","decl":{"start":{"line":27,"column":12},"end":{"line":27,"column":13}},"loc":{"start":{"line":27,"column":34},"end":{"line":27,"column":45}}},"5":{"name":"(anonymous_12)","decl":{"start":{"line":30,"column":33},"end":{"line":30,"column":null}},"loc":{"start":{"line":32,"column":30},"end":{"line":50,"column":2}}},"6":{"name":"(anonymous_13)","decl":{"start":{"line":32,"column":30},"end":{"line":32,"column":null}},"loc":{"start":{"line":32,"column":30},"end":{"line":50,"column":1}}}},"branchMap":{"0":{"loc":{"start":{"line":13,"column":2},"end":{"line":15,"column":3}},"type":"if","locations":[{"start":{"line":13,"column":2},"end":{"line":15,"column":3}}]},"1":{"loc":{"start":{"line":25,"column":13},"end":{"line":25,"column":44}},"type":"cond-expr","locations":[{"start":{"line":25,"column":21},"end":{"line":25,"column":37}},{"start":{"line":25,"column":40},"end":{"line":25,"column":44}}]},"2":{"loc":{"start":{"line":35,"column":2},"end":{"line":37,"column":3}},"type":"if","locations":[{"start":{"line":35,"column":2},"end":{"line":37,"column":3}}]},"3":{"loc":{"start":{"line":43,"column":2},"end":{"line":45,"column":3}},"type":"if","locations":[{"start":{"line":43,"column":2},"end":{"line":45,"column":3}}]},"4":{"loc":{"start":{"line":49,"column":9},"end":{"line":49,"column":44}},"type":"cond-expr","locations":[{"start":{"line":49,"column":31},"end":{"line":49,"column":35}},{"start":{"line":49,"column":38},"end":{"line":49,"column":44}}]}},"s":{"0":1,"1":1,"2":2,"3":2,"4":2,"5":1,"6":1,"7":1,"8":1,"9":1,"10":5,"11":10,"12":10,"13":10,"14":1,"15":5,"16":5,"17":5,"18":1,"19":4,"20":4,"21":1,"22":3,"23":3,"24":1},"f":{"0":2,"1":2,"2":5,"3":10,"4":10,"5":5,"6":5},"b":{"0":[1],"1":[6,4],"2":[1],"3":[1],"4":[2,1]}}
}
