TN:
SF:src\components\ModalCharacterDetail.component.tsx
FN:45,(anonymous_7)
FN:58,(anonymous_8)
FN:82,(anonymous_9)
FN:102,InfoItem
FN:118,EpisodeCard
FN:142,ModalCharacterDetail
FN:157,(anonymous_13)
FN:168,(anonymous_14)
FN:168,(anonymous_15)
FN:191,(anonymous_16)
FN:222,(anonymous_17)
FN:358,(anonymous_18)
FNF:12
FNH:12
FNDA:7,(anonymous_7)
FNDA:7,(anonymous_8)
FNDA:7,(anonymous_9)
FNDA:35,InfoItem
FNDA:4,EpisodeCard
FNDA:43,ModalCharacterDetail
FNDA:19,(anonymous_13)
FNDA:11,(anonymous_14)
FNDA:11,(anonymous_15)
FNDA:22,(anonymous_16)
FNDA:31,(anonymous_17)
FNDA:4,(anonymous_18)
DA:1,1
DA:2,1
DA:11,1
DA:20,1
DA:25,1
DA:45,1
DA:46,7
DA:48,6
DA:50,1
DA:52,0
DA:54,0
DA:58,1
DA:59,7
DA:61,5
DA:68,1
DA:74,1
DA:82,1
DA:83,7
DA:85,7
DA:86,1
DA:89,6
DA:103,35
DA:119,4
DA:142,1
DA:149,43
DA:151,43
DA:152,43
DA:153,43
DA:154,43
DA:156,43
DA:158,19
DA:168,43
DA:169,11
DA:170,11
DA:171,11
DA:173,11
DA:174,8
DA:176,8
DA:177,8
DA:179,3
DA:180,3
DA:181,3
DA:187,11
DA:191,43
DA:192,22
DA:193,10
DA:197,43
DA:222,31
DA:359,4
LF:49
LH:47
BRDA:46,0,0,6
BRDA:46,0,1,1
BRDA:46,0,2,0
BRDA:46,0,3,0
BRDA:59,1,0,5
BRDA:59,1,1,1
BRDA:59,1,2,1
BRDA:85,2,0,1
BRDA:144,3,0,42
BRDA:145,4,0,43
BRDA:146,5,0,43
BRDA:147,6,0,43
BRDA:158,7,0,7
BRDA:158,7,1,12
BRDA:182,8,0,2
BRDA:182,8,1,1
BRDA:192,9,0,10
BRDA:224,10,0,11
BRDA:224,10,1,20
BRDA:232,11,0,3
BRDA:232,11,1,17
BRDA:254,12,0,10
BRDA:254,12,1,7
BRDA:306,13,0,7
BRDA:306,13,1,0
BRDA:318,14,0,7
BRDA:318,14,1,0
BRDA:318,15,0,0
BRDA:318,15,1,7
BRDA:318,16,0,7
BRDA:318,16,1,7
BRDA:324,17,0,7
BRDA:324,17,1,0
BRDA:324,18,0,0
BRDA:324,18,1,7
BRDA:324,19,0,7
BRDA:324,19,1,7
BRDA:351,20,0,5
BRDA:351,20,1,2
BRF:39
BRH:32
end_of_record
TN:
SF:src\services\EndpointRickAndMortyDetail.service.ts
FNF:0
FNH:0
DA:2,2
DA:6,2
LF:2
LH:2
BRF:0
BRH:0
end_of_record
TN:
SF:src\services\ServicioRickAndMortyDetail.service.ts
FN:8,(anonymous_7)
FN:10,(anonymous_8)
FN:21,(anonymous_9)
FN:23,(anonymous_10)
FN:27,(anonymous_11)
FN:30,(anonymous_12)
FN:32,(anonymous_13)
FNF:7
FNH:7
FNDA:2,(anonymous_7)
FNDA:2,(anonymous_8)
FNDA:5,(anonymous_9)
FNDA:10,(anonymous_10)
FNDA:10,(anonymous_11)
FNDA:5,(anonymous_12)
FNDA:5,(anonymous_13)
DA:5,1
DA:8,1
DA:10,2
DA:11,2
DA:13,2
DA:14,1
DA:17,1
DA:18,1
DA:21,1
DA:22,5
DA:24,10
DA:25,10
DA:27,10
DA:30,1
DA:32,5
DA:33,5
DA:35,5
DA:36,1
DA:39,4
DA:43,4
DA:44,1
DA:47,3
DA:49,3
LF:23
LH:23
BRDA:13,0,0,1
BRDA:25,1,0,6
BRDA:25,1,1,4
BRDA:35,2,0,1
BRDA:43,3,0,1
BRDA:49,4,0,2
BRDA:49,4,1,1
BRF:7
BRH:7
end_of_record
