<?xml version="1.0" encoding="UTF-8"?>
<coverage generated="1774749226866" clover="3.2.0">
  <project timestamp="1774749226866" name="All files">
    <metrics statements="104" coveredstatements="100" conditionals="88" coveredconditionals="72" methods="32" coveredmethods="30" elements="224" coveredelements="202" complexity="0" loc="104" ncloc="104" packages="2" files="3" classes="3"/>
    <package name="components">
      <metrics statements="77" coveredstatements="73" conditionals="76" coveredconditionals="60" methods="28" coveredmethods="26"/>
      <file name="RickAndMortyView.component.tsx" path="D:\mfe_API_Rick_Morty\MFE-Api-RickandMorty.git\MF-Characters\src\components\RickAndMortyView.component.tsx">
        <metrics statements="77" coveredstatements="73" conditionals="76" coveredconditionals="60" methods="28" coveredmethods="26"/>
        <line num="1" count="1" type="stmt"/>
        <line num="2" count="1" type="stmt"/>
        <line num="3" count="1" type="stmt"/>
        <line num="13" count="1" type="stmt"/>
        <line num="14" count="1" type="stmt"/>
        <line num="16" count="1" type="stmt"/>
        <line num="21" count="1" type="stmt"/>
        <line num="29" count="2" type="stmt"/>
        <line num="31" count="1" type="stmt"/>
        <line num="32" count="76" type="stmt"/>
        <line num="33" count="76" type="stmt"/>
        <line num="34" count="76" type="stmt"/>
        <line num="35" count="76" type="stmt"/>
        <line num="37" count="76" type="stmt"/>
        <line num="38" count="76" type="stmt"/>
        <line num="40" count="76" type="stmt"/>
        <line num="41" count="76" type="stmt"/>
        <line num="43" count="76" type="stmt"/>
        <line num="44" count="76" type="stmt"/>
        <line num="46" count="76" type="stmt"/>
        <line num="48" count="76" type="stmt"/>
        <line num="49" count="23" type="stmt"/>
        <line num="50" count="23" type="stmt"/>
        <line num="51" count="23" type="stmt"/>
        <line num="53" count="23" type="stmt"/>
        <line num="59" count="20" type="cond" truecount="3" falsecount="1"/>
        <line num="60" count="20" type="cond" truecount="6" falsecount="2"/>
        <line num="61" count="20" type="cond" truecount="6" falsecount="2"/>
        <line num="63" count="2" type="stmt"/>
        <line num="64" count="2" type="stmt"/>
        <line num="65" count="2" type="stmt"/>
        <line num="66" count="2" type="stmt"/>
        <line num="72" count="22" type="stmt"/>
        <line num="76" count="76" type="stmt"/>
        <line num="77" count="23" type="stmt"/>
        <line num="80" count="76" type="stmt"/>
        <line num="81" count="35" type="stmt"/>
        <line num="84" count="42" type="cond" truecount="3" falsecount="1"/>
        <line num="89" count="35" type="stmt"/>
        <line num="92" count="76" type="stmt"/>
        <line num="93" count="35" type="stmt"/>
        <line num="96" count="42" type="cond" truecount="6" falsecount="2"/>
        <line num="101" count="56" type="stmt"/>
        <line num="104" count="76" type="stmt"/>
        <line num="105" count="45" type="stmt"/>
        <line num="106" count="72" type="cond" truecount="2" falsecount="0"/>
        <line num="110" count="72" type="cond" truecount="2" falsecount="0"/>
        <line num="114" count="72" type="cond" truecount="2" falsecount="0"/>
        <line num="118" count="76" type="stmt"/>
        <line num="119" count="2" type="stmt"/>
        <line num="120" count="2" type="stmt"/>
        <line num="121" count="2" type="stmt"/>
        <line num="122" count="2" type="stmt"/>
        <line num="125" count="76" type="stmt"/>
        <line num="126" count="2" type="stmt"/>
        <line num="127" count="2" type="stmt"/>
        <line num="128" count="2" type="stmt"/>
        <line num="129" count="2" type="stmt"/>
        <line num="132" count="76" type="stmt"/>
        <line num="151" count="76" type="stmt"/>
        <line num="162" count="76" type="stmt"/>
        <line num="183" count="76" type="stmt"/>
        <line num="212" count="5" type="cond" truecount="3" falsecount="1"/>
        <line num="213" count="74" type="stmt"/>
        <line num="223" count="0" type="cond" truecount="0" falsecount="1"/>
        <line num="224" count="0" type="stmt"/>
        <line num="231" count="74" type="stmt"/>
        <line num="242" count="3" type="cond" truecount="3" falsecount="1"/>
        <line num="243" count="111" type="stmt"/>
        <line num="253" count="0" type="cond" truecount="0" falsecount="1"/>
        <line num="254" count="0" type="stmt"/>
        <line num="261" count="111" type="stmt"/>
        <line num="278" count="304" type="stmt"/>
        <line num="280" count="304" type="stmt"/>
        <line num="284" count="2" type="stmt"/>
        <line num="319" count="83" type="stmt"/>
        <line num="321" count="83" type="stmt"/>
      </file>
    </package>
    <package name="services">
      <metrics statements="27" coveredstatements="27" conditionals="12" coveredconditionals="12" methods="4" coveredmethods="4"/>
      <file name="ServicioRickAndMorty.service.ts" path="D:\mfe_API_Rick_Morty\MFE-Api-RickandMorty.git\MF-Characters\src\services\ServicioRickAndMorty.service.ts">
        <metrics statements="25" coveredstatements="25" conditionals="12" coveredconditionals="12" methods="4" coveredmethods="4"/>
        <line num="2" count="1" type="stmt"/>
        <line num="14" count="1" type="stmt"/>
        <line num="17" count="4" type="cond" truecount="4" falsecount="0"/>
        <line num="19" count="1" type="stmt"/>
        <line num="21" count="1" type="stmt"/>
        <line num="23" count="1" type="stmt"/>
        <line num="25" count="1" type="stmt"/>
        <line num="29" count="1" type="stmt"/>
        <line num="34" count="14" type="stmt"/>
        <line num="36" count="14" type="stmt"/>
        <line num="38" count="14" type="cond" truecount="5" falsecount="0"/>
        <line num="39" count="6" type="stmt"/>
        <line num="42" count="14" type="cond" truecount="1" falsecount="0"/>
        <line num="43" count="4" type="stmt"/>
        <line num="46" count="14" type="stmt"/>
        <line num="49" count="1" type="stmt"/>
        <line num="53" count="6" type="stmt"/>
        <line num="54" count="6" type="stmt"/>
        <line num="60" count="6" type="stmt"/>
        <line num="62" count="6" type="cond" truecount="1" falsecount="0"/>
        <line num="63" count="2" type="cond" truecount="1" falsecount="0"/>
        <line num="64" count="1" type="stmt"/>
        <line num="75" count="1" type="stmt"/>
        <line num="78" count="4" type="stmt"/>
        <line num="79" count="4" type="stmt"/>
      </file>
      <file name="endpointRickAndMorty.service.ts" path="D:\mfe_API_Rick_Morty\MFE-Api-RickandMorty.git\MF-Characters\src\services\endpointRickAndMorty.service.ts">
        <metrics statements="2" coveredstatements="2" conditionals="0" coveredconditionals="0" methods="0" coveredmethods="0"/>
        <line num="2" count="2" type="stmt"/>
        <line num="6" count="2" type="stmt"/>
      </file>
    </package>
  </project>
</coverage>
