{"D:\\mfe_API_Rick_Morty\\MFE-Api-RickandMorty.git\\MF-Characters\\src\\components\\RickAndMortyView.component.tsx": {"path":"D:\\mfe_API_Rick_Morty\\MFE-Api-RickandMorty.git\\MF-Characters\\src\\components\\RickAndMortyView.component.tsx","statementMap":{"0":{"start":{"line":31,"column":0},"end":{"line":31,"column":24}},"1":{"start":{"line":1,"column":0},"end":{"line":1,"column":31}},"2":{"start":{"line":2,"column":0},"end":{"line":2,"column":66}},"3":{"start":{"line":3,"column":0},"end":{"line":3,"column":null}},"4":{"start":{"line":13,"column":0},"end":{"line":13,"column":70}},"5":{"start":{"line":14,"column":0},"end":{"line":14,"column":39}},"6":{"start":{"line":16,"column":0},"end":{"line":16,"column":null}},"7":{"start":{"line":21,"column":0},"end":{"line":21,"column":null}},"8":{"start":{"line":29,"column":29},"end":{"line":29,"column":94}},"9":{"start":{"line":29,"column":45},"end":{"line":29,"column":92}},"10":{"start":{"line":32,"column":38},"end":{"line":32,"column":67}},"11":{"start":{"line":33,"column":30},"end":{"line":33,"column":42}},"12":{"start":{"line":34,"column":30},"end":{"line":34,"column":63}},"13":{"start":{"line":35,"column":26},"end":{"line":35,"column":37}},"14":{"start":{"line":37,"column":48},"end":{"line":37,"column":60}},"15":{"start":{"line":38,"column":46},"end":{"line":38,"column":58}},"16":{"start":{"line":40,"column":48},"end":{"line":40,"column":59}},"17":{"start":{"line":41,"column":38},"end":{"line":41,"column":49}},"18":{"start":{"line":43,"column":32},"end":{"line":43,"column":47}},"19":{"start":{"line":44,"column":28},"end":{"line":44,"column":40}},"20":{"start":{"line":46,"column":20},"end":{"line":46,"column":75}},"21":{"start":{"line":46,"column":34},"end":{"line":46,"column":64}},"22":{"start":{"line":48,"column":26},"end":{"line":74,"column":31}},"23":{"start":{"line":48,"column":49},"end":{"line":74,"column":5}},"24":{"start":{"line":49,"column":4},"end":{"line":73,"column":5}},"25":{"start":{"line":50,"column":6},"end":{"line":50,"column":23}},"26":{"start":{"line":51,"column":6},"end":{"line":51,"column":19}},"27":{"start":{"line":53,"column":19},"end":{"line":57,"column":8}},"28":{"start":{"line":59,"column":6},"end":{"line":59,"column":40}},"29":{"start":{"line":60,"column":6},"end":{"line":60,"column":48}},"30":{"start":{"line":61,"column":6},"end":{"line":61,"column":43}},"31":{"start":{"line":63,"column":6},"end":{"line":63,"column":24}},"32":{"start":{"line":64,"column":6},"end":{"line":64,"column":28}},"33":{"start":{"line":65,"column":6},"end":{"line":65,"column":23}},"34":{"start":{"line":66,"column":6},"end":{"line":70,"column":8}},"35":{"start":{"line":72,"column":6},"end":{"line":72,"column":24}},"36":{"start":{"line":76,"column":2},"end":{"line":78,"column":24}},"37":{"start":{"line":77,"column":4},"end":{"line":77,"column":22}},"38":{"start":{"line":80,"column":25},"end":{"line":90,"column":18}},"39":{"start":{"line":81,"column":26},"end":{"line":86,"column":null}},"40":{"start":{"line":84,"column":30},"end":{"line":84,"column":56}},"41":{"start":{"line":89,"column":4},"end":{"line":89,"column":60}},"42":{"start":{"line":89,"column":40},"end":{"line":89,"column":58}},"43":{"start":{"line":92,"column":24},"end":{"line":102,"column":18}},"44":{"start":{"line":93,"column":26},"end":{"line":98,"column":null}},"45":{"start":{"line":96,"column":30},"end":{"line":96,"column":61}},"46":{"start":{"line":101,"column":4},"end":{"line":101,"column":60}},"47":{"start":{"line":101,"column":40},"end":{"line":101,"column":58}},"48":{"start":{"line":104,"column":29},"end":{"line":116,"column":51}},"49":{"start":{"line":105,"column":4},"end":{"line":115,"column":7}},"50":{"start":{"line":106,"column":29},"end":{"line":108,"column":14}},"51":{"start":{"line":110,"column":28},"end":{"line":112,"column":14}},"52":{"start":{"line":114,"column":6},"end":{"line":114,"column":45}},"53":{"start":{"line":118,"column":29},"end":{"line":123,"column":3}},"54":{"start":{"line":119,"column":4},"end":{"line":119,"column":21}},"55":{"start":{"line":120,"column":4},"end":{"line":120,"column":15}},"56":{"start":{"line":121,"column":4},"end":{"line":121,"column":27}},"57":{"start":{"line":122,"column":4},"end":{"line":122,"column":26}},"58":{"start":{"line":125,"column":29},"end":{"line":130,"column":3}},"59":{"start":{"line":126,"column":4},"end":{"line":126,"column":21}},"60":{"start":{"line":127,"column":4},"end":{"line":127,"column":15}},"61":{"start":{"line":128,"column":4},"end":{"line":128,"column":27}},"62":{"start":{"line":129,"column":4},"end":{"line":129,"column":26}},"63":{"start":{"line":132,"column":32},"end":{"line":149,"column":4}},"64":{"start":{"line":151,"column":39},"end":{"line":160,"column":4}},"65":{"start":{"line":162,"column":39},"end":{"line":181,"column":4}},"66":{"start":{"line":183,"column":2},"end":{"line":420,"column":4}},"67":{"start":{"line":212,"column":42},"end":{"line":212,"column":79}},"68":{"start":{"line":213,"column":58},"end":{"line":216,"column":16}},"69":{"start":{"line":223,"column":16},"end":{"line":225,"column":17}},"70":{"start":{"line":224,"column":18},"end":{"line":224,"column":41}},"71":{"start":{"line":231,"column":16},"end":{"line":232,"column":null}},"72":{"start":{"line":242,"column":42},"end":{"line":242,"column":78}},"73":{"start":{"line":243,"column":57},"end":{"line":246,"column":16}},"74":{"start":{"line":253,"column":16},"end":{"line":255,"column":17}},"75":{"start":{"line":254,"column":18},"end":{"line":254,"column":40}},"76":{"start":{"line":261,"column":16},"end":{"line":262,"column":null}},"77":{"start":{"line":278,"column":31},"end":{"line":278,"column":46}},"78":{"start":{"line":280,"column":14},"end":{"line":292,"column":16}},"79":{"start":{"line":284,"column":33},"end":{"line":284,"column":57}},"80":{"start":{"line":319,"column":30},"end":{"line":319,"column":66}},"81":{"start":{"line":321,"column":16},"end":{"line":402,"column":18}}},"fnMap":{"0":{"name":"(anonymous_7)","decl":{"start":{"line":29,"column":40},"end":{"line":29,"column":43}},"loc":{"start":{"line":29,"column":45},"end":{"line":29,"column":92}}},"1":{"name":"(anonymous_8)","decl":{"start":{"line":29,"column":45},"end":{"line":29,"column":53}},"loc":{"start":{"line":29,"column":45},"end":{"line":29,"column":92}}},"2":{"name":"RickAndMortyView","decl":{"start":{"line":31,"column":24},"end":{"line":31,"column":40}},"loc":{"start":{"line":31,"column":40},"end":{"line":421,"column":1}}},"3":{"name":"(anonymous_10)","decl":{"start":{"line":46,"column":28},"end":{"line":46,"column":31}},"loc":{"start":{"line":46,"column":34},"end":{"line":46,"column":64}}},"4":{"name":"(anonymous_11)","decl":{"start":{"line":48,"column":38},"end":{"line":48,"column":47}},"loc":{"start":{"line":48,"column":49},"end":{"line":74,"column":5}}},"5":{"name":"(anonymous_12)","decl":{"start":{"line":48,"column":49},"end":{"line":48,"column":null}},"loc":{"start":{"line":48,"column":49},"end":{"line":74,"column":3}}},"6":{"name":"(anonymous_13)","decl":{"start":{"line":76,"column":12},"end":{"line":76,"column":15}},"loc":{"start":{"line":76,"column":17},"end":{"line":78,"column":3}}},"7":{"name":"(anonymous_14)","decl":{"start":{"line":80,"column":33},"end":{"line":80,"column":36}},"loc":{"start":{"line":80,"column":38},"end":{"line":90,"column":3}}},"8":{"name":"(anonymous_15)","decl":{"start":{"line":84,"column":15},"end":{"line":84,"column":16}},"loc":{"start":{"line":84,"column":29},"end":{"line":84,"column":56}}},"9":{"name":"(anonymous_16)","decl":{"start":{"line":89,"column":30},"end":{"line":89,"column":31}},"loc":{"start":{"line":89,"column":40},"end":{"line":89,"column":58}}},"10":{"name":"(anonymous_17)","decl":{"start":{"line":92,"column":32},"end":{"line":92,"column":35}},"loc":{"start":{"line":92,"column":37},"end":{"line":102,"column":3}}},"11":{"name":"(anonymous_18)","decl":{"start":{"line":96,"column":15},"end":{"line":96,"column":16}},"loc":{"start":{"line":96,"column":29},"end":{"line":96,"column":61}}},"12":{"name":"(anonymous_19)","decl":{"start":{"line":101,"column":30},"end":{"line":101,"column":31}},"loc":{"start":{"line":101,"column":40},"end":{"line":101,"column":58}}},"13":{"name":"(anonymous_20)","decl":{"start":{"line":104,"column":37},"end":{"line":104,"column":40}},"loc":{"start":{"line":104,"column":42},"end":{"line":116,"column":3}}},"14":{"name":"(anonymous_21)","decl":{"start":{"line":105,"column":29},"end":{"line":105,"column":30}},"loc":{"start":{"line":105,"column":43},"end":{"line":115,"column":5}}},"15":{"name":"(anonymous_22)","decl":{"start":{"line":118,"column":29},"end":{"line":118,"column":30}},"loc":{"start":{"line":118,"column":47},"end":{"line":123,"column":3}}},"16":{"name":"(anonymous_23)","decl":{"start":{"line":125,"column":29},"end":{"line":125,"column":30}},"loc":{"start":{"line":125,"column":55},"end":{"line":130,"column":3}}},"17":{"name":"(anonymous_24)","decl":{"start":{"line":212,"column":33},"end":{"line":212,"column":34}},"loc":{"start":{"line":212,"column":42},"end":{"line":212,"column":79}}},"18":{"name":"(anonymous_25)","decl":{"start":{"line":213,"column":47},"end":{"line":213,"column":48}},"loc":{"start":{"line":213,"column":58},"end":{"line":216,"column":16}}},"19":{"name":"(anonymous_26)","decl":{"start":{"line":222,"column":29},"end":{"line":222,"column":30}},"loc":{"start":{"line":222,"column":39},"end":{"line":226,"column":15}}},"20":{"name":"(anonymous_27)","decl":{"start":{"line":230,"column":15},"end":{"line":230,"column":16}},"loc":{"start":{"line":231,"column":16},"end":{"line":232,"column":null}}},"21":{"name":"(anonymous_28)","decl":{"start":{"line":242,"column":33},"end":{"line":242,"column":34}},"loc":{"start":{"line":242,"column":42},"end":{"line":242,"column":78}}},"22":{"name":"(anonymous_29)","decl":{"start":{"line":243,"column":46},"end":{"line":243,"column":47}},"loc":{"start":{"line":243,"column":57},"end":{"line":246,"column":16}}},"23":{"name":"(anonymous_30)","decl":{"start":{"line":252,"column":29},"end":{"line":252,"column":30}},"loc":{"start":{"line":252,"column":39},"end":{"line":256,"column":15}}},"24":{"name":"(anonymous_31)","decl":{"start":{"line":260,"column":15},"end":{"line":260,"column":16}},"loc":{"start":{"line":261,"column":16},"end":{"line":262,"column":null}}},"25":{"name":"(anonymous_32)","decl":{"start":{"line":277,"column":31},"end":{"line":277,"column":32}},"loc":{"start":{"line":277,"column":40},"end":{"line":293,"column":13}}},"26":{"name":"(anonymous_33)","decl":{"start":{"line":284,"column":27},"end":{"line":284,"column":30}},"loc":{"start":{"line":284,"column":33},"end":{"line":284,"column":57}}},"27":{"name":"(anonymous_34)","decl":{"start":{"line":318,"column":38},"end":{"line":318,"column":39}},"loc":{"start":{"line":318,"column":52},"end":{"line":403,"column":15}}}},"branchMap":{"0":{"loc":{"start":{"line":59,"column":20},"end":{"line":59,"column":38}},"type":"cond-expr","locations":[{"start":{"line":59,"column":32},"end":{"line":59,"column":36}},{"start":{"line":59,"column":36},"end":{"line":59,"column":38}}]},"1":{"loc":{"start":{"line":59,"column":20},"end":{"line":59,"column":36}},"type":"binary-expr","locations":[{"start":{"line":59,"column":20},"end":{"line":59,"column":36}},{"start":{"line":59,"column":32},"end":{"line":59,"column":36}}]},"2":{"loc":{"start":{"line":60,"column":25},"end":{"line":60,"column":46}},"type":"cond-expr","locations":[{"start":{"line":60,"column":41},"end":{"line":60,"column":45}},{"start":{"line":60,"column":45},"end":{"line":60,"column":46}}]},"3":{"loc":{"start":{"line":60,"column":25},"end":{"line":60,"column":45}},"type":"binary-expr","locations":[{"start":{"line":60,"column":25},"end":{"line":60,"column":45}},{"start":{"line":60,"column":41},"end":{"line":60,"column":45}}]},"4":{"loc":{"start":{"line":60,"column":25},"end":{"line":60,"column":41}},"type":"cond-expr","locations":[{"start":{"line":60,"column":34},"end":{"line":60,"column":36}},{"start":{"line":60,"column":34},"end":{"line":60,"column":41}}]},"5":{"loc":{"start":{"line":60,"column":25},"end":{"line":60,"column":36}},"type":"binary-expr","locations":[{"start":{"line":60,"column":25},"end":{"line":60,"column":36}},{"start":{"line":60,"column":34},"end":{"line":60,"column":36}}]},"6":{"loc":{"start":{"line":61,"column":20},"end":{"line":61,"column":41}},"type":"cond-expr","locations":[{"start":{"line":61,"column":36},"end":{"line":61,"column":40}},{"start":{"line":61,"column":40},"end":{"line":61,"column":41}}]},"7":{"loc":{"start":{"line":61,"column":20},"end":{"line":61,"column":40}},"type":"binary-expr","locations":[{"start":{"line":61,"column":20},"end":{"line":61,"column":40}},{"start":{"line":61,"column":36},"end":{"line":61,"column":40}}]},"8":{"loc":{"start":{"line":61,"column":20},"end":{"line":61,"column":36}},"type":"cond-expr","locations":[{"start":{"line":61,"column":29},"end":{"line":61,"column":31}},{"start":{"line":61,"column":29},"end":{"line":61,"column":36}}]},"9":{"loc":{"start":{"line":61,"column":20},"end":{"line":61,"column":31}},"type":"binary-expr","locations":[{"start":{"line":61,"column":20},"end":{"line":61,"column":31}},{"start":{"line":61,"column":29},"end":{"line":61,"column":31}}]},"10":{"loc":{"start":{"line":67,"column":8},"end":{"line":69,"column":51}},"type":"cond-expr","locations":[{"start":{"line":68,"column":12},"end":{"line":68,"column":23}},{"start":{"line":69,"column":12},"end":{"line":69,"column":51}}]},"11":{"loc":{"start":{"line":84,"column":30},"end":{"line":84,"column":55}},"type":"cond-expr","locations":[{"start":{"line":84,"column":47},"end":{"line":84,"column":49}},{"start":{"line":84,"column":47},"end":{"line":84,"column":55}}]},"12":{"loc":{"start":{"line":84,"column":30},"end":{"line":84,"column":49}},"type":"binary-expr","locations":[{"start":{"line":84,"column":30},"end":{"line":84,"column":49}},{"start":{"line":84,"column":47},"end":{"line":84,"column":49}}]},"13":{"loc":{"start":{"line":96,"column":30},"end":{"line":96,"column":60}},"type":"cond-expr","locations":[{"start":{"line":96,"column":52},"end":{"line":96,"column":54}},{"start":{"line":96,"column":52},"end":{"line":96,"column":60}}]},"14":{"loc":{"start":{"line":96,"column":30},"end":{"line":96,"column":54}},"type":"binary-expr","locations":[{"start":{"line":96,"column":30},"end":{"line":96,"column":54}},{"start":{"line":96,"column":52},"end":{"line":96,"column":54}}]},"15":{"loc":{"start":{"line":96,"column":30},"end":{"line":96,"column":52}},"type":"cond-expr","locations":[{"start":{"line":96,"column":46},"end":{"line":96,"column":48}},{"start":{"line":96,"column":46},"end":{"line":96,"column":52}}]},"16":{"loc":{"start":{"line":96,"column":30},"end":{"line":96,"column":48}},"type":"binary-expr","locations":[{"start":{"line":96,"column":30},"end":{"line":96,"column":48}},{"start":{"line":96,"column":46},"end":{"line":96,"column":48}}]},"17":{"loc":{"start":{"line":106,"column":29},"end":{"line":108,"column":14}},"type":"cond-expr","locations":[{"start":{"line":107,"column":10},"end":{"line":107,"column":47}},{"start":{"line":108,"column":10},"end":{"line":108,"column":14}}]},"18":{"loc":{"start":{"line":110,"column":28},"end":{"line":112,"column":14}},"type":"cond-expr","locations":[{"start":{"line":111,"column":10},"end":{"line":111,"column":51}},{"start":{"line":112,"column":10},"end":{"line":112,"column":14}}]},"19":{"loc":{"start":{"line":111,"column":10},"end":{"line":111,"column":32}},"type":"cond-expr","locations":[{"start":{"line":111,"column":26},"end":{"line":111,"column":28}},{"start":{"line":111,"column":26},"end":{"line":111,"column":32}}]},"20":{"loc":{"start":{"line":111,"column":10},"end":{"line":111,"column":28}},"type":"binary-expr","locations":[{"start":{"line":111,"column":10},"end":{"line":111,"column":28}},{"start":{"line":111,"column":26},"end":{"line":111,"column":28}}]},"21":{"loc":{"start":{"line":114,"column":13},"end":{"line":114,"column":44}},"type":"binary-expr","locations":[{"start":{"line":114,"column":13},"end":{"line":114,"column":27}},{"start":{"line":114,"column":31},"end":{"line":114,"column":44}}]},"22":{"loc":{"start":{"line":192,"column":13},"end":{"line":194,"column":59}},"type":"cond-expr","locations":[{"start":{"line":193,"column":16},"end":{"line":193,"column":82}},{"start":{"line":194,"column":16},"end":{"line":194,"column":59}}]},"23":{"loc":{"start":{"line":192,"column":13},"end":{"line":192,"column":46}},"type":"binary-expr","locations":[{"start":{"line":192,"column":13},"end":{"line":192,"column":28}},{"start":{"line":192,"column":32},"end":{"line":192,"column":46}}]},"24":{"loc":{"start":{"line":211,"column":27},"end":{"line":211,"column":50}},"type":"binary-expr","locations":[{"start":{"line":211,"column":27},"end":{"line":211,"column":42}},{"start":{"line":211,"column":46},"end":{"line":211,"column":50}}]},"25":{"loc":{"start":{"line":212,"column":68},"end":{"line":212,"column":77}},"type":"cond-expr","locations":[{"start":{"line":212,"column":68},"end":{"line":212,"column":71}},{"start":{"line":212,"column":75},"end":{"line":212,"column":77}}]},"26":{"loc":{"start":{"line":212,"column":68},"end":{"line":212,"column":75}},"type":"binary-expr","locations":[{"start":{"line":212,"column":68},"end":{"line":212,"column":75}},{"start":{"line":212,"column":68},"end":{"line":212,"column":75}}]},"27":{"loc":{"start":{"line":223,"column":16},"end":{"line":225,"column":17}},"type":"if","locations":[{"start":{"line":223,"column":16},"end":{"line":225,"column":17}}]},"28":{"loc":{"start":{"line":241,"column":27},"end":{"line":241,"column":49}},"type":"binary-expr","locations":[{"start":{"line":241,"column":27},"end":{"line":241,"column":41}},{"start":{"line":241,"column":45},"end":{"line":241,"column":49}}]},"29":{"loc":{"start":{"line":242,"column":67},"end":{"line":242,"column":76}},"type":"cond-expr","locations":[{"start":{"line":242,"column":67},"end":{"line":242,"column":70}},{"start":{"line":242,"column":74},"end":{"line":242,"column":76}}]},"30":{"loc":{"start":{"line":242,"column":67},"end":{"line":242,"column":74}},"type":"binary-expr","locations":[{"start":{"line":242,"column":67},"end":{"line":242,"column":74}},{"start":{"line":242,"column":67},"end":{"line":242,"column":74}}]},"31":{"loc":{"start":{"line":253,"column":16},"end":{"line":255,"column":17}},"type":"if","locations":[{"start":{"line":253,"column":16},"end":{"line":255,"column":17}}]},"32":{"loc":{"start":{"line":297,"column":9},"end":{"line":416,"column":null}},"type":"cond-expr","locations":[{"start":{"line":298,"column":10},"end":{"line":299,"column":null}},{"start":{"line":301,"column":12},"end":{"line":416,"column":null}}]},"33":{"loc":{"start":{"line":301,"column":12},"end":{"line":416,"column":null}},"type":"cond-expr","locations":[{"start":{"line":302,"column":10},"end":{"line":303,"column":null}},{"start":{"line":305,"column":12},"end":{"line":416,"column":null}}]},"34":{"loc":{"start":{"line":305,"column":12},"end":{"line":416,"column":null}},"type":"cond-expr","locations":[{"start":{"line":306,"column":10},"end":{"line":313,"column":null}},{"start":{"line":316,"column":10},"end":{"line":415,"column":null}}]},"35":{"loc":{"start":{"line":370,"column":31},"end":{"line":370,"column":65}},"type":"binary-expr","locations":[{"start":{"line":370,"column":31},"end":{"line":370,"column":48}},{"start":{"line":370,"column":52},"end":{"line":370,"column":65}}]},"36":{"loc":{"start":{"line":390,"column":31},"end":{"line":390,"column":70}},"type":"binary-expr","locations":[{"start":{"line":390,"column":31},"end":{"line":390,"column":53}},{"start":{"line":390,"column":57},"end":{"line":390,"column":70}}]},"37":{"loc":{"start":{"line":390,"column":31},"end":{"line":390,"column":53}},"type":"cond-expr","locations":[{"start":{"line":390,"column":47},"end":{"line":390,"column":49}},{"start":{"line":390,"column":47},"end":{"line":390,"column":53}}]},"38":{"loc":{"start":{"line":390,"column":31},"end":{"line":390,"column":49}},"type":"binary-expr","locations":[{"start":{"line":390,"column":31},"end":{"line":390,"column":49}},{"start":{"line":390,"column":47},"end":{"line":390,"column":49}}]}},"s":{"0":1,"1":1,"2":1,"3":1,"4":1,"5":1,"6":1,"7":1,"8":1,"9":2,"10":76,"11":76,"12":76,"13":76,"14":76,"15":76,"16":76,"17":76,"18":76,"19":76,"20":76,"21":20,"22":76,"23":23,"24":23,"25":23,"26":23,"27":23,"28":20,"29":20,"30":20,"31":2,"32":2,"33":2,"34":2,"35":22,"36":76,"37":23,"38":76,"39":35,"40":42,"41":35,"42":14,"43":76,"44":35,"45":42,"46":35,"47":56,"48":76,"49":45,"50":72,"51":72,"52":72,"53":76,"54":2,"55":2,"56":2,"57":2,"58":76,"59":2,"60":2,"61":2,"62":2,"63":76,"64":76,"65":76,"66":76,"67":5,"68":74,"69":0,"70":0,"71":74,"72":3,"73":111,"74":0,"75":0,"76":111,"77":304,"78":304,"79":2,"80":83,"81":83},"f":{"0":1,"1":1,"2":76,"3":20,"4":23,"5":23,"6":23,"7":35,"8":42,"9":14,"10":35,"11":42,"12":56,"13":45,"14":72,"15":2,"16":2,"17":5,"18":74,"19":0,"20":74,"21":3,"22":111,"23":0,"24":111,"25":304,"26":2,"27":83},"b":{"0":[20,0],"1":[20,20],"2":[20,0],"3":[20,20],"4":[0,20],"5":[20,20],"6":[20,0],"7":[20,20],"8":[0,20],"9":[20,20],"10":[1,1],"11":[0,42],"12":[42,42],"13":[0,42],"14":[42,42],"15":[0,42],"16":[42,42],"17":[21,51],"18":[9,63],"19":[0,9],"20":[9,9],"21":[72,64],"22":[8,68],"23":[76,69],"24":[76,69],"25":[5,0],"26":[5,5],"27":[0],"28":[76,73],"29":[3,0],"30":[3,3],"31":[0],"32":[23,53],"33":[2,51],"34":[20,31],"35":[83,0],"36":[83,0],"37":[0,83],"38":[83,83]}}
,"D:\\mfe_API_Rick_Morty\\MFE-Api-RickandMorty.git\\MF-Characters\\src\\services\\ServicioRickAndMorty.service.ts": {"path":"D:\\mfe_API_Rick_Morty\\MFE-Api-RickandMorty.git\\MF-Characters\\src\\services\\ServicioRickAndMorty.service.ts","statementMap":{"0":{"start":{"line":2,"column":0},"end":{"line":2,"column":61}},"1":{"start":{"line":14,"column":38},"end":{"line":27,"column":1}},"2":{"start":{"line":17,"column":2},"end":{"line":26,"column":3}},"3":{"start":{"line":19,"column":6},"end":{"line":19,"column":21}},"4":{"start":{"line":21,"column":6},"end":{"line":21,"column":20}},"5":{"start":{"line":23,"column":6},"end":{"line":23,"column":23}},"6":{"start":{"line":25,"column":6},"end":{"line":25,"column":16}},"7":{"start":{"line":14,"column":13},"end":{"line":14,"column":38}},"8":{"start":{"line":29,"column":42},"end":{"line":47,"column":1}},"9":{"start":{"line":34,"column":17},"end":{"line":34,"column":38}},"10":{"start":{"line":36,"column":2},"end":{"line":36,"column":38}},"11":{"start":{"line":38,"column":2},"end":{"line":40,"column":3}},"12":{"start":{"line":39,"column":4},"end":{"line":39,"column":39}},"13":{"start":{"line":42,"column":2},"end":{"line":44,"column":3}},"14":{"start":{"line":43,"column":4},"end":{"line":43,"column":36}},"15":{"start":{"line":46,"column":2},"end":{"line":46,"column":27}},"16":{"start":{"line":29,"column":13},"end":{"line":29,"column":42}},"17":{"start":{"line":49,"column":29},"end":{"line":80,"column":2}},"18":{"start":{"line":53,"column":48},"end":{"line":80,"column":2}},"19":{"start":{"line":54,"column":22},"end":{"line":58,"column":4}},"20":{"start":{"line":60,"column":19},"end":{"line":60,"column":78}},"21":{"start":{"line":62,"column":2},"end":{"line":76,"column":3}},"22":{"start":{"line":63,"column":4},"end":{"line":73,"column":5}},"23":{"start":{"line":64,"column":6},"end":{"line":72,"column":8}},"24":{"start":{"line":75,"column":4},"end":{"line":75,"column":64}},"25":{"start":{"line":78,"column":28},"end":{"line":78,"column":49}},"26":{"start":{"line":79,"column":2},"end":{"line":79,"column":14}},"27":{"start":{"line":49,"column":13},"end":{"line":49,"column":29}}},"fnMap":{"0":{"name":"(anonymous_7)","decl":{"start":{"line":14,"column":38},"end":{"line":14,"column":null}},"loc":{"start":{"line":16,"column":21},"end":{"line":27,"column":1}}},"1":{"name":"(anonymous_8)","decl":{"start":{"line":29,"column":42},"end":{"line":29,"column":43}},"loc":{"start":{"line":33,"column":34},"end":{"line":47,"column":1}}},"2":{"name":"(anonymous_9)","decl":{"start":{"line":49,"column":29},"end":{"line":49,"column":36}},"loc":{"start":{"line":53,"column":48},"end":{"line":80,"column":2}}},"3":{"name":"(anonymous_10)","decl":{"start":{"line":53,"column":48},"end":{"line":53,"column":null}},"loc":{"start":{"line":53,"column":22},"end":{"line":80,"column":1}}}},"branchMap":{"0":{"loc":{"start":{"line":17,"column":2},"end":{"line":26,"column":3}},"type":"switch","locations":[{"start":{"line":18,"column":4},"end":{"line":19,"column":21}},{"start":{"line":20,"column":4},"end":{"line":21,"column":20}},{"start":{"line":22,"column":4},"end":{"line":23,"column":23}},{"start":{"line":24,"column":4},"end":{"line":25,"column":16}}]},"1":{"loc":{"start":{"line":38,"column":2},"end":{"line":40,"column":3}},"type":"if","locations":[{"start":{"line":38,"column":2},"end":{"line":40,"column":3}}]},"2":{"loc":{"start":{"line":38,"column":6},"end":{"line":38,"column":18}},"type":"cond-expr","locations":[{"start":{"line":38,"column":10},"end":{"line":38,"column":12}},{"start":{"line":38,"column":6},"end":{"line":38,"column":18}}]},"3":{"loc":{"start":{"line":38,"column":6},"end":{"line":38,"column":12}},"type":"binary-expr","locations":[{"start":{"line":38,"column":6},"end":{"line":38,"column":12}},{"start":{"line":38,"column":6},"end":{"line":38,"column":12}}]},"4":{"loc":{"start":{"line":42,"column":2},"end":{"line":44,"column":3}},"type":"if","locations":[{"start":{"line":42,"column":2},"end":{"line":44,"column":3}}]},"5":{"loc":{"start":{"line":62,"column":2},"end":{"line":76,"column":3}},"type":"if","locations":[{"start":{"line":62,"column":2},"end":{"line":76,"column":3}}]},"6":{"loc":{"start":{"line":63,"column":4},"end":{"line":73,"column":5}},"type":"if","locations":[{"start":{"line":63,"column":4},"end":{"line":73,"column":5}}]}},"s":{"0":1,"1":1,"2":4,"3":1,"4":1,"5":1,"6":1,"7":1,"8":1,"9":14,"10":14,"11":14,"12":6,"13":14,"14":4,"15":14,"16":1,"17":1,"18":6,"19":6,"20":6,"21":6,"22":2,"23":1,"24":1,"25":4,"26":4,"27":1},"f":{"0":4,"1":14,"2":6,"3":6},"b":{"0":[1,1,1,1],"1":[6],"2":[6,8],"3":[14,14],"4":[4],"5":[2],"6":[1]}}
,"D:\\mfe_API_Rick_Morty\\MFE-Api-RickandMorty.git\\MF-Characters\\src\\services\\endpointRickAndMorty.service.ts": {"path":"D:\\mfe_API_Rick_Morty\\MFE-Api-RickandMorty.git\\MF-Characters\\src\\services\\endpointRickAndMorty.service.ts","statementMap":{"0":{"start":{"line":2,"column":24},"end":{"line":6,"column":2}},"1":{"start":{"line":6,"column":2},"end":{"line":6,"column":null}}},"fnMap":{},"branchMap":{},"s":{"0":2,"1":2},"f":{},"b":{}}
}
