TN:
SF:src\components\RickAndMortyView.component.tsx
FN:29,(anonymous_7)
FN:29,(anonymous_8)
FN:31,RickAndMortyView
FN:46,(anonymous_10)
FN:48,(anonymous_11)
FN:48,(anonymous_12)
FN:76,(anonymous_13)
FN:80,(anonymous_14)
FN:84,(anonymous_15)
FN:89,(anonymous_16)
FN:92,(anonymous_17)
FN:96,(anonymous_18)
FN:101,(anonymous_19)
FN:104,(anonymous_20)
FN:105,(anonymous_21)
FN:118,(anonymous_22)
FN:125,(anonymous_23)
FN:212,(anonymous_24)
FN:213,(anonymous_25)
FN:222,(anonymous_26)
FN:230,(anonymous_27)
FN:242,(anonymous_28)
FN:243,(anonymous_29)
FN:252,(anonymous_30)
FN:260,(anonymous_31)
FN:277,(anonymous_32)
FN:284,(anonymous_33)
FN:318,(anonymous_34)
FNF:28
FNH:26
FNDA:1,(anonymous_7)
FNDA:1,(anonymous_8)
FNDA:76,RickAndMortyView
FNDA:20,(anonymous_10)
FNDA:23,(anonymous_11)
FNDA:23,(anonymous_12)
FNDA:23,(anonymous_13)
FNDA:35,(anonymous_14)
FNDA:42,(anonymous_15)
FNDA:14,(anonymous_16)
FNDA:35,(anonymous_17)
FNDA:42,(anonymous_18)
FNDA:56,(anonymous_19)
FNDA:45,(anonymous_20)
FNDA:72,(anonymous_21)
FNDA:2,(anonymous_22)
FNDA:2,(anonymous_23)
FNDA:5,(anonymous_24)
FNDA:74,(anonymous_25)
FNDA:0,(anonymous_26)
FNDA:74,(anonymous_27)
FNDA:3,(anonymous_28)
FNDA:111,(anonymous_29)
FNDA:0,(anonymous_30)
FNDA:111,(anonymous_31)
FNDA:304,(anonymous_32)
FNDA:2,(anonymous_33)
FNDA:83,(anonymous_34)
DA:1,1
DA:2,1
DA:3,1
DA:13,1
DA:14,1
DA:16,1
DA:21,1
DA:29,2
DA:31,1
DA:32,76
DA:33,76
DA:34,76
DA:35,76
DA:37,76
DA:38,76
DA:40,76
DA:41,76
DA:43,76
DA:44,76
DA:46,76
DA:48,76
DA:49,23
DA:50,23
DA:51,23
DA:53,23
DA:59,20
DA:60,20
DA:61,20
DA:63,2
DA:64,2
DA:65,2
DA:66,2
DA:72,22
DA:76,76
DA:77,23
DA:80,76
DA:81,35
DA:84,42
DA:89,35
DA:92,76
DA:93,35
DA:96,42
DA:101,56
DA:104,76
DA:105,45
DA:106,72
DA:110,72
DA:114,72
DA:118,76
DA:119,2
DA:120,2
DA:121,2
DA:122,2
DA:125,76
DA:126,2
DA:127,2
DA:128,2
DA:129,2
DA:132,76
DA:151,76
DA:162,76
DA:183,76
DA:212,5
DA:213,74
DA:223,0
DA:224,0
DA:231,74
DA:242,3
DA:243,111
DA:253,0
DA:254,0
DA:261,111
DA:278,304
DA:280,304
DA:284,2
DA:319,83
DA:321,83
LF:77
LH:73
BRDA:59,0,0,20
BRDA:59,0,1,0
BRDA:59,1,0,20
BRDA:59,1,1,20
BRDA:60,2,0,20
BRDA:60,2,1,0
BRDA:60,3,0,20
BRDA:60,3,1,20
BRDA:60,4,0,0
BRDA:60,4,1,20
BRDA:60,5,0,20
BRDA:60,5,1,20
BRDA:61,6,0,20
BRDA:61,6,1,0
BRDA:61,7,0,20
BRDA:61,7,1,20
BRDA:61,8,0,0
BRDA:61,8,1,20
BRDA:61,9,0,20
BRDA:61,9,1,20
BRDA:67,10,0,1
BRDA:67,10,1,1
BRDA:84,11,0,0
BRDA:84,11,1,42
BRDA:84,12,0,42
BRDA:84,12,1,42
BRDA:96,13,0,0
BRDA:96,13,1,42
BRDA:96,14,0,42
BRDA:96,14,1,42
BRDA:96,15,0,0
BRDA:96,15,1,42
BRDA:96,16,0,42
BRDA:96,16,1,42
BRDA:106,17,0,21
BRDA:106,17,1,51
BRDA:110,18,0,9
BRDA:110,18,1,63
BRDA:111,19,0,0
BRDA:111,19,1,9
BRDA:111,20,0,9
BRDA:111,20,1,9
BRDA:114,21,0,72
BRDA:114,21,1,64
BRDA:192,22,0,8
BRDA:192,22,1,68
BRDA:192,23,0,76
BRDA:192,23,1,69
BRDA:211,24,0,76
BRDA:211,24,1,69
BRDA:212,25,0,5
BRDA:212,25,1,0
BRDA:212,26,0,5
BRDA:212,26,1,5
BRDA:223,27,0,0
BRDA:241,28,0,76
BRDA:241,28,1,73
BRDA:242,29,0,3
BRDA:242,29,1,0
BRDA:242,30,0,3
BRDA:242,30,1,3
BRDA:253,31,0,0
BRDA:297,32,0,23
BRDA:297,32,1,53
BRDA:301,33,0,2
BRDA:301,33,1,51
BRDA:305,34,0,20
BRDA:305,34,1,31
BRDA:370,35,0,83
BRDA:370,35,1,0
BRDA:390,36,0,83
BRDA:390,36,1,0
BRDA:390,37,0,0
BRDA:390,37,1,83
BRDA:390,38,0,83
BRDA:390,38,1,83
BRF:76
BRH:60
end_of_record
TN:
SF:src\services\ServicioRickAndMorty.service.ts
FN:14,(anonymous_7)
FN:29,(anonymous_8)
FN:49,(anonymous_9)
FN:53,(anonymous_10)
FNF:4
FNH:4
FNDA:4,(anonymous_7)
FNDA:14,(anonymous_8)
FNDA:6,(anonymous_9)
FNDA:6,(anonymous_10)
DA:2,1
DA:14,1
DA:17,4
DA:19,1
DA:21,1
DA:23,1
DA:25,1
DA:29,1
DA:34,14
DA:36,14
DA:38,14
DA:39,6
DA:42,14
DA:43,4
DA:46,14
DA:49,1
DA:53,6
DA:54,6
DA:60,6
DA:62,6
DA:63,2
DA:64,1
DA:75,1
DA:78,4
DA:79,4
LF:25
LH:25
BRDA:17,0,0,1
BRDA:17,0,1,1
BRDA:17,0,2,1
BRDA:17,0,3,1
BRDA:38,1,0,6
BRDA:38,2,0,6
BRDA:38,2,1,8
BRDA:38,3,0,14
BRDA:38,3,1,14
BRDA:42,4,0,4
BRDA:62,5,0,2
BRDA:63,6,0,1
BRF:12
BRH:12
end_of_record
TN:
SF:src\services\endpointRickAndMorty.service.ts
FNF:0
FNH:0
DA:2,2
DA:6,2
LF:2
LH:2
BRF:0
BRH:0
end_of_record
